<?xml version="1.0" encoding="UTF-8"?>
<testng-results skipped="0" failed="0" total="1" passed="1">
  <reporter-output>
  </reporter-output>
  <suite name="Default suite" duration-ms="2843" started-at="2018-05-03T02:58:33Z" finished-at="2018-05-03T02:58:35Z">
    <groups>
    </groups>
    <test name="Default test" duration-ms="2843" started-at="2018-05-03T02:58:33Z" finished-at="2018-05-03T02:58:35Z">
      <class name="com.qa.tests.GetAPITest">
        <test-method status="PASS" signature="setUp()[pri:0, instance:com.qa.tests.GetAPITest@6a2bcfcb]" name="setUp" is-config="true" duration-ms="31" started-at="2018-05-02T21:58:33Z" finished-at="2018-05-02T21:58:33Z">
          <reporter-output>
          </reporter-output>
        </test-method> <!-- setUp -->
        <test-method status="PASS" signature="getTest()[pri:0, instance:com.qa.tests.GetAPITest@6a2bcfcb]" name="getTest" duration-ms="2750" started-at="2018-05-02T21:58:33Z" finished-at="2018-05-02T21:58:35Z">
          <reporter-output>
          </reporter-output>
        </test-method> <!-- getTest -->
      </class> <!-- com.qa.tests.GetAPITest -->
    </test> <!-- Default test -->
  </suite> <!-- Default suite -->
</testng-results>
